0 info it worked if it ends with ok
1 verbose cli [ '/usr/local/bin/node',
1 verbose cli   '/usr/local/bin/npm',
1 verbose cli   'install',
1 verbose cli   'https',
1 verbose cli   '--prefix' ]
2 warn invalid config prefix=true
3 warn invalid config Must be a valid filesystem path
4 info using npm@3.10.10
5 info using node@v6.10.1
6 silly loadCurrentTree Starting
7 silly install loadCurrentTree
8 silly install readLocalPackageData
9 silly fetchPackageMetaData https
10 silly fetchNamedPackageData https
11 silly mapToRegistry name https
12 silly mapToRegistry using default registry
13 silly mapToRegistry registry https://registry.npmjs.org/
14 silly mapToRegistry data Result {
14 silly mapToRegistry   raw: 'https',
14 silly mapToRegistry   scope: null,
14 silly mapToRegistry   escapedName: 'https',
14 silly mapToRegistry   name: 'https',
14 silly mapToRegistry   rawSpec: '',
14 silly mapToRegistry   spec: 'latest',
14 silly mapToRegistry   type: 'tag' }
15 silly mapToRegistry uri https://registry.npmjs.org/https
16 verbose request uri https://registry.npmjs.org/https
17 verbose request no auth needed
18 info attempt registry request try #1 at 9:46:02 PM
19 verbose request using bearer token for auth
20 verbose request id fa400b95a577c49f
21 verbose etag W/"584c8fa0-4ec"
22 verbose lastModified Sat, 10 Dec 2016 23:28:32 GMT
23 http request GET https://registry.npmjs.org/https
24 http 200 https://registry.npmjs.org/https
25 verbose headers { server: 'nginx/1.10.1',
25 verbose headers   'content-type': 'application/json',
25 verbose headers   'last-modified': 'Mon, 13 Mar 2017 19:49:51 GMT',
25 verbose headers   etag: 'W/"58c6f7df-508"',
25 verbose headers   'content-encoding': 'gzip',
25 verbose headers   'cache-control': 'max-age=300',
25 verbose headers   'transfer-encoding': 'chunked',
25 verbose headers   'accept-ranges': 'bytes',
25 verbose headers   date: 'Sat, 01 Apr 2017 01:46:02 GMT',
25 verbose headers   via: '1.1 varnish',
25 verbose headers   connection: 'keep-alive',
25 verbose headers   'x-served-by': 'cache-atl6245-ATL',
25 verbose headers   'x-cache': 'MISS',
25 verbose headers   'x-cache-hits': '0',
25 verbose headers   'x-timer': 'S1491011162.294883,VS0,VE19',
25 verbose headers   vary: 'Accept-Encoding' }
26 silly get cb [ 200,
26 silly get   { server: 'nginx/1.10.1',
26 silly get     'content-type': 'application/json',
26 silly get     'last-modified': 'Mon, 13 Mar 2017 19:49:51 GMT',
26 silly get     etag: 'W/"58c6f7df-508"',
26 silly get     'content-encoding': 'gzip',
26 silly get     'cache-control': 'max-age=300',
26 silly get     'transfer-encoding': 'chunked',
26 silly get     'accept-ranges': 'bytes',
26 silly get     date: 'Sat, 01 Apr 2017 01:46:02 GMT',
26 silly get     via: '1.1 varnish',
26 silly get     connection: 'keep-alive',
26 silly get     'x-served-by': 'cache-atl6245-ATL',
26 silly get     'x-cache': 'MISS',
26 silly get     'x-cache-hits': '0',
26 silly get     'x-timer': 'S1491011162.294883,VS0,VE19',
26 silly get     vary: 'Accept-Encoding' } ]
27 verbose get saving https to /Users/rakeshchouhan/.npm/registry.npmjs.org/https/.cache.json
28 verbose correctMkdir /Users/rakeshchouhan/.npm correctMkdir not in flight; initializing
29 silly install normalizeTree
30 silly loadCurrentTree Finishing
31 silly loadIdealTree Starting
32 silly install loadIdealTree
33 silly cloneCurrentTree Starting
34 silly install cloneCurrentTreeToIdealTree
35 silly cloneCurrentTree Finishing
36 silly loadShrinkwrap Starting
37 silly install loadShrinkwrap
38 silly loadShrinkwrap Finishing
39 silly loadAllDepsIntoIdealTree Starting
40 silly install loadAllDepsIntoIdealTree
41 silly resolveWithNewModule https@1.0.0 checking installable status
42 silly cache add args [ 'https', null ]
43 verbose cache add spec https
44 silly cache add parsed spec Result {
44 silly cache add   raw: 'https',
44 silly cache add   scope: null,
44 silly cache add   escapedName: 'https',
44 silly cache add   name: 'https',
44 silly cache add   rawSpec: '',
44 silly cache add   spec: 'latest',
44 silly cache add   type: 'tag' }
45 silly addNamed https@latest
46 verbose addNamed "latest" is being treated as a dist-tag for https
47 info addNameTag [ 'https', 'latest' ]
48 silly mapToRegistry name https
49 silly mapToRegistry using default registry
50 silly mapToRegistry registry https://registry.npmjs.org/
51 silly mapToRegistry data Result {
51 silly mapToRegistry   raw: 'https',
51 silly mapToRegistry   scope: null,
51 silly mapToRegistry   escapedName: 'https',
51 silly mapToRegistry   name: 'https',
51 silly mapToRegistry   rawSpec: '',
51 silly mapToRegistry   spec: 'latest',
51 silly mapToRegistry   type: 'tag' }
52 silly mapToRegistry uri https://registry.npmjs.org/https
53 verbose addNameTag registry:https://registry.npmjs.org/https not in flight; fetching
54 verbose get https://registry.npmjs.org/https not expired, no request
55 silly addNameTag next cb for https with tag latest
56 silly addNamed https@1.0.0
57 verbose addNamed "1.0.0" is a plain semver version for https
58 silly cache afterAdd https@1.0.0
59 verbose afterAdd /Users/rakeshchouhan/.npm/https/1.0.0/package/package.json not in flight; writing
60 verbose correctMkdir /Users/rakeshchouhan/.npm correctMkdir not in flight; initializing
61 verbose afterAdd /Users/rakeshchouhan/.npm/https/1.0.0/package/package.json written
62 silly loadAllDepsIntoIdealTree Finishing
63 silly loadIdealTree Finishing
64 silly currentTree https
64 silly currentTree ├── fs@0.0.1-security
64 silly currentTree └── https@1.0.0
65 silly idealTree https
65 silly idealTree ├── fs@0.0.1-security
65 silly idealTree └── https@1.0.0
66 silly generateActionsToTake Starting
67 silly install generateActionsToTake
68 warn checkPermissions Missing write access to /Users/rakeshchouhan/WebstormProjects/NodePlayByPlay/https/node_modules
69 silly rollbackFailedOptional Starting
70 silly rollbackFailedOptional Finishing
71 silly runTopLevelLifecycles Finishing
72 silly install printInstalled
73 warn enoent ENOENT: no such file or directory, open '/Users/rakeshchouhan/WebstormProjects/NodePlayByPlay/https/package.json'
74 verbose enoent ENOENT: no such file or directory, open '/Users/rakeshchouhan/WebstormProjects/NodePlayByPlay/https/package.json'
74 verbose enoent This is most likely not a problem with npm itself
74 verbose enoent and is related to npm not being able to find a file.
75 warn https No description
76 verbose If you need help, you may report this error at:
76 verbose     <https://github.com/npm/npm/issues>
77 warn https No repository field.
78 verbose If you need help, you may report this error at:
78 verbose     <https://github.com/npm/npm/issues>
79 warn https No README data
80 verbose If you need help, you may report this error at:
80 verbose     <https://github.com/npm/npm/issues>
81 warn https No license field.
82 verbose If you need help, you may report this error at:
82 verbose     <https://github.com/npm/npm/issues>
83 verbose stack Error: EACCES: permission denied, access '/Users/rakeshchouhan/WebstormProjects/NodePlayByPlay/https/node_modules'
83 verbose stack     at Error (native)
84 verbose cwd /Users/rakeshchouhan/WebstormProjects/NodePlayByPlay/https
85 error Darwin 16.4.0
86 error argv "/usr/local/bin/node" "/usr/local/bin/npm" "install" "https" "--prefix"
87 error node v6.10.1
88 error npm  v3.10.10
89 error path /Users/rakeshchouhan/WebstormProjects/NodePlayByPlay/https/node_modules
90 error code EACCES
91 error errno -13
92 error syscall access
93 error Error: EACCES: permission denied, access '/Users/rakeshchouhan/WebstormProjects/NodePlayByPlay/https/node_modules'
93 error     at Error (native)
93 error  { Error: EACCES: permission denied, access '/Users/rakeshchouhan/WebstormProjects/NodePlayByPlay/https/node_modules'
93 error     at Error (native)
93 error   errno: -13,
93 error   code: 'EACCES',
93 error   syscall: 'access',
93 error   path: '/Users/rakeshchouhan/WebstormProjects/NodePlayByPlay/https/node_modules' }
94 error Please try running this command again as root/Administrator.
95 verbose exit [ -13, true ]
